-------------------------------------------------------------------------------
Test set: com.hoffmannjozsef.feladat.ListingTest
-------------------------------------------------------------------------------
Tests run: 1, Failures: 0, Errors: 1, Skipped: 0, Time elapsed: 0.437 s <<< FAILURE! - in com.hoffmannjozsef.feladat.ListingTest
IsValidIdtest(com.hoffmannjozsef.feladat.ListingTest)  Time elapsed: 0.068 s  <<< ERROR!
java.lang.RuntimeException: Uncompilable source code - Erroneous sym type: <any>.thenReturn
	at com.hoffmannjozsef.feladat.ListingTest.IsValidIdtest(ListingTest.java:75)

