-------------------------------------------------------------------------------
Test set: com.hoffmannjozsef.feladat.MyConfigTest
-------------------------------------------------------------------------------
Tests run: 4, Failures: 1, Errors: 0, Skipped: 0, Time elapsed: 0.015 s <<< FAILURE! - in com.hoffmannjozsef.feladat.MyConfigTest
testGood(com.hoffmannjozsef.feladat.MyConfigTest)  Time elapsed: 0.015 s  <<< FAILURE!
org.junit.ComparisonFailure: expected:<wobDB[S]> but was:<wobDB[def]>
	at com.hoffmannjozsef.feladat.MyConfigTest.testGood(MyConfigTest.java:67)

