<?xml version="1.0" encoding="UTF-8"?>
<testsuite xmlns:xsi="http://www.w3.org/2001/XMLSchema-instance" xsi:noNamespaceSchemaLocation="https://maven.apache.org/surefire/maven-surefire-plugin/xsd/surefire-test-report.xsd" name="com.hoffmannjozsef.feladat.MarketplaceTest" time="0.009" tests="2" errors="0" skipped="0" failures="0">
  <properties>
[...]
</properties>
  <testcase name="testGetId" classname="com.hoffmannjozsef.feladat.MarketplaceTest" time="0.001"/>
  <testcase name="testGetMarketplace_name" classname="com.hoffmannjozsef.feladat.MarketplaceTest" time="0"/>
</testsuite>