<?xml version="1.0" encoding="UTF-8"?>
<testsuite xmlns:xsi="http://www.w3.org/2001/XMLSchema-instance" xsi:noNamespaceSchemaLocation="https://maven.apache.org/surefire/maven-surefire-plugin/xsd/surefire-test-report.xsd" name="com.hoffmannjozsef.feladat.ListingTest" time="0.546" tests="11" errors="0" skipped="0" failures="0">
  <properties>
[...]
</properties>
  <testcase name="testIsValidEmail" classname="com.hoffmannjozsef.feladat.ListingTest" time="0.03"/>
  <testcase name="testIsValidTitle" classname="com.hoffmannjozsef.feladat.ListingTest" time="0"/>
  <testcase name="testIsValidListingStatus" classname="com.hoffmannjozsef.feladat.ListingTest" time="0"/>
  <testcase name="testIsValidListingPrice" classname="com.hoffmannjozsef.feladat.ListingTest" time="0"/>
  <testcase name="testIsValidMarketplace" classname="com.hoffmannjozsef.feladat.ListingTest" time="0"/>
  <testcase name="testIsValidQuantity" classname="com.hoffmannjozsef.feladat.ListingTest" time="0"/>
  <testcase name="IsValidIdtest" classname="com.hoffmannjozsef.feladat.ListingTest" time="0"/>
  <testcase name="testIsValidDescription" classname="com.hoffmannjozsef.feladat.ListingTest" time="0"/>
  <testcase name="testSetUpload_time" classname="com.hoffmannjozsef.feladat.ListingTest" time="0.055"/>
  <testcase name="testIsValidCurrency" classname="com.hoffmannjozsef.feladat.ListingTest" time="0.001"/>
  <testcase name="testIsValidLocationId" classname="com.hoffmannjozsef.feladat.ListingTest" time="0.001"/>
</testsuite>